<?xml version="1.0" encoding="UTF-8"?>
<testng-results ignored="0" total="2" passed="2" failed="0" skipped="0">
  <reporter-output>
  </reporter-output>
  <suite started-at="2022-07-21T12:40:01 IST" name="Suite" finished-at="2022-07-21T12:40:26 IST" duration-ms="24624">
    <groups>
    </groups>
    <test started-at="2022-07-21T12:40:01 IST" name="test1" finished-at="2022-07-21T12:40:14 IST" duration-ms="12307">
      <class name="pack.OrangeHRM">
        <test-method is-config="true" signature="setup()[pri:0, instance:pack.OrangeHRM@3c419631]" started-at="2022-07-21T12:40:01 IST" name="setup" finished-at="2022-07-21T12:40:10 IST" duration-ms="8399" status="PASS">
          <reporter-output>
          </reporter-output>
        </test-method> <!-- setup -->
        <test-method signature="login(java.lang.String,java.lang.String)[pri:0, instance:pack.OrangeHRM@3c419631]" started-at="2022-07-21T12:40:10 IST" name="login" finished-at="2022-07-21T12:40:14 IST" duration-ms="3887" status="PASS">
          <params>
            <param index="0">
              <value>
                <![CDATA[Admin]]>
              </value>
            </param>
            <param index="1">
              <value>
                <![CDATA[admin123]]>
              </value>
            </param>
          </params>
          <reporter-output>
          </reporter-output>
        </test-method> <!-- login -->
      </class> <!-- pack.OrangeHRM -->
    </test> <!-- test1 -->
    <test started-at="2022-07-21T12:40:14 IST" name="Test2" finished-at="2022-07-21T12:40:26 IST" duration-ms="12300">
      <class name="pack.OrangeHRM">
        <test-method is-config="true" signature="setup()[pri:0, instance:pack.OrangeHRM@647e447]" started-at="2022-07-21T12:40:14 IST" name="setup" finished-at="2022-07-21T12:40:21 IST" duration-ms="7460" status="PASS">
          <reporter-output>
          </reporter-output>
        </test-method> <!-- setup -->
        <test-method signature="login(java.lang.String,java.lang.String)[pri:0, instance:pack.OrangeHRM@647e447]" started-at="2022-07-21T12:40:21 IST" name="login" finished-at="2022-07-21T12:40:26 IST" duration-ms="4836" status="PASS">
          <params>
            <param index="0">
              <value>
                <![CDATA[Kajal]]>
              </value>
            </param>
            <param index="1">
              <value>
                <![CDATA[kajal123]]>
              </value>
            </param>
          </params>
          <reporter-output>
          </reporter-output>
        </test-method> <!-- login -->
      </class> <!-- pack.OrangeHRM -->
    </test> <!-- Test2 -->
  </suite> <!-- Suite -->
</testng-results>
